<?xml version="1.0" encoding="UTF-8"?><testsuite errors="0" failures="0" name="gorest.serenity.crudtest.CRUDTest" skipped="0" tests="4" time="12.03" timestamp="2023-06-06T22:56:35.578+01:00[Europe/London]"><testcase classname="gorest.serenity.crudtest.CRUDTest" name="Creating new user."/><testcase classname="gorest.serenity.crudtest.CRUDTest" name="Verifying user was created."/><testcase classname="gorest.serenity.crudtest.CRUDTest" name="Updating the user and verifying updated information."/><testcase classname="gorest.serenity.crudtest.CRUDTest" name="Deleting the user and verifying user was deleted."/></testsuite>